[15:30:55] [main/INFO] [GradleStart]: No arguments specified, assuming client.
[15:30:55] [main/INFO] [GradleStart]: Extra: []
[15:30:55] [main/INFO] [GradleStart]: Running with arguments: [--userProperties, {}, --tweakClass, cpw.mods.fml.common.launcher.FMLTweaker, --accessToken, {REDACTED}, --assetIndex, 1.7.10, --assetsDir, /Users/djtepas/.gradle/caches/minecraft/assets, --version, 1.7.10]
[15:30:55] [main/INFO] [LaunchWrapper]: Loading tweak class name cpw.mods.fml.common.launcher.FMLTweaker
[15:30:55] [main/INFO] [LaunchWrapper]: Using primary tweak class name cpw.mods.fml.common.launcher.FMLTweaker
[15:30:55] [main/INFO] [LaunchWrapper]: Calling tweak class cpw.mods.fml.common.launcher.FMLTweaker
[15:59:03] [main/INFO] [GradleStart]: No arguments specified, assuming client.
[15:59:03] [main/INFO] [GradleStart]: Extra: []
[15:59:03] [main/INFO] [GradleStart]: Running with arguments: [--userProperties, {}, --tweakClass, cpw.mods.fml.common.launcher.FMLTweaker, --accessToken, {REDACTED}, --assetIndex, 1.7.10, --assetsDir, /Users/djtepas/.gradle/caches/minecraft/assets, --version, 1.7.10]
[15:59:03] [main/INFO] [LaunchWrapper]: Loading tweak class name cpw.mods.fml.common.launcher.FMLTweaker
[15:59:03] [main/INFO] [LaunchWrapper]: Using primary tweak class name cpw.mods.fml.common.launcher.FMLTweaker
[15:59:03] [main/INFO] [LaunchWrapper]: Calling tweak class cpw.mods.fml.common.launcher.FMLTweaker
[16:02:13] [main/INFO] [GradleStart]: No arguments specified, assuming client.
[16:02:13] [main/INFO] [GradleStart]: Extra: []
[16:02:13] [main/INFO] [GradleStart]: Running with arguments: [--userProperties, {}, --tweakClass, cpw.mods.fml.common.launcher.FMLTweaker, --accessToken, {REDACTED}, --assetIndex, 1.7.10, --assetsDir, /Users/djtepas/.gradle/caches/minecraft/assets, --version, 1.7.10]
[16:02:13] [main/INFO] [LaunchWrapper]: Loading tweak class name cpw.mods.fml.common.launcher.FMLTweaker
[16:02:13] [main/INFO] [LaunchWrapper]: Using primary tweak class name cpw.mods.fml.common.launcher.FMLTweaker
[16:02:13] [main/INFO] [LaunchWrapper]: Calling tweak class cpw.mods.fml.common.launcher.FMLTweaker
[16:04:22] [main/INFO] [GradleStart]: Extra: [user-djtepas@gmail.com, pass-falcon325]
[16:04:22] [main/INFO] [GradleStart]: Running with arguments: [--userProperties, {}, --tweakClass, cpw.mods.fml.common.launcher.FMLTweaker, --accessToken, {REDACTED}, --assetIndex, 1.7.10, --assetsDir, /Users/djtepas/.gradle/caches/minecraft/assets, --version, 1.7.10, user-djtepas@gmail.com, pass-falcon325]
[16:04:22] [main/INFO] [LaunchWrapper]: Loading tweak class name cpw.mods.fml.common.launcher.FMLTweaker
[16:04:22] [main/INFO] [LaunchWrapper]: Using primary tweak class name cpw.mods.fml.common.launcher.FMLTweaker
[16:04:22] [main/INFO] [LaunchWrapper]: Calling tweak class cpw.mods.fml.common.launcher.FMLTweaker
[16:08:15] [main/INFO] [GradleStart]: Extra: [user-djtepas@gmail.com, pass-falcon325]
[16:08:15] [main/INFO] [GradleStart]: Running with arguments: [--userProperties, {}, --tweakClass, cpw.mods.fml.common.launcher.FMLTweaker, --accessToken, {REDACTED}, --assetIndex, 1.7.10, --assetsDir, /Users/djtepas/.gradle/caches/minecraft/assets, --version, 1.7.10, user-djtepas@gmail.com, pass-falcon325]
[16:08:16] [main/INFO] [LaunchWrapper]: Loading tweak class name cpw.mods.fml.common.launcher.FMLTweaker
[16:08:16] [main/INFO] [LaunchWrapper]: Using primary tweak class name cpw.mods.fml.common.launcher.FMLTweaker
[16:08:16] [main/INFO] [LaunchWrapper]: Calling tweak class cpw.mods.fml.common.launcher.FMLTweaker
[16:09:17] [main/INFO] [GradleStart]: Extra: [user-djtepas@gmail.com, pass-falcon325]
[16:09:18] [main/INFO] [GradleStart]: Running with arguments: [--userProperties, {}, --tweakClass, cpw.mods.fml.common.launcher.FMLTweaker, --accessToken, {REDACTED}, --assetIndex, 1.7.10, --assetsDir, /Users/djtepas/.gradle/caches/minecraft/assets, --version, 1.7.10, user-djtepas@gmail.com, pass-falcon325]
[16:09:18] [main/INFO] [LaunchWrapper]: Loading tweak class name cpw.mods.fml.common.launcher.FMLTweaker
[16:09:18] [main/INFO] [LaunchWrapper]: Using primary tweak class name cpw.mods.fml.common.launcher.FMLTweaker
[16:09:18] [main/INFO] [LaunchWrapper]: Calling tweak class cpw.mods.fml.common.launcher.FMLTweaker
[16:10:37] [main/INFO] [GradleStart]: Extra: [user-djtepas@gmail.com, pass-falcon325]
[16:10:37] [main/INFO] [GradleStart]: Running with arguments: [--userProperties, {}, --tweakClass, cpw.mods.fml.common.launcher.FMLTweaker, --accessToken, {REDACTED}, --assetIndex, 1.7.10, --assetsDir, /Users/djtepas/.gradle/caches/minecraft/assets, --version, 1.7.10, user-djtepas@gmail.com, pass-falcon325]
[16:10:37] [main/INFO] [LaunchWrapper]: Loading tweak class name cpw.mods.fml.common.launcher.FMLTweaker
[16:10:37] [main/INFO] [LaunchWrapper]: Using primary tweak class name cpw.mods.fml.common.launcher.FMLTweaker
[16:10:37] [main/INFO] [LaunchWrapper]: Calling tweak class cpw.mods.fml.common.launcher.FMLTweaker
[16:16:40] [main/INFO] [GradleStart]: No arguments specified, assuming client.
[16:16:40] [main/INFO] [GradleStart]: Extra: []
[16:16:40] [main/INFO] [GradleStart]: Running with arguments: [--userProperties, {}, --tweakClass, cpw.mods.fml.common.launcher.FMLTweaker, --accessToken, {REDACTED}, --assetIndex, 1.7.10, --assetsDir, /Users/djtepas/.gradle/caches/minecraft/assets, --version, 1.7.10]
[16:16:40] [main/INFO] [LaunchWrapper]: Loading tweak class name cpw.mods.fml.common.launcher.FMLTweaker
[16:16:40] [main/INFO] [LaunchWrapper]: Using primary tweak class name cpw.mods.fml.common.launcher.FMLTweaker
[16:16:40] [main/INFO] [LaunchWrapper]: Calling tweak class cpw.mods.fml.common.launcher.FMLTweaker
[16:22:58] [main/INFO] [GradleStart]: username: djtepas@gmail.com
[16:22:58] [main/INFO] [GradleStart]: Extra: []
[16:22:58] [main/INFO] [GradleStart]: Password found, attempting login
[16:22:59] [main/INFO] [GradleStart]: Login Succesful!
[16:22:59] [main/INFO] [GradleStart]: Running with arguments: [--userProperties, {}, --username, GEN_Soddon, --tweakClass, cpw.mods.fml.common.launcher.FMLTweaker, --accessToken, {REDACTED}, --assetIndex, 1.7.10, --uuid, fd44f69a2fde4134ac43b571b31dd68f, --assetsDir, /Users/djtepas/.gradle/caches/minecraft/assets, --version, 1.7.10]
[16:22:59] [main/INFO] [LaunchWrapper]: Loading tweak class name cpw.mods.fml.common.launcher.FMLTweaker
[16:22:59] [main/INFO] [LaunchWrapper]: Using primary tweak class name cpw.mods.fml.common.launcher.FMLTweaker
[16:22:59] [main/INFO] [LaunchWrapper]: Calling tweak class cpw.mods.fml.common.launcher.FMLTweaker
[16:23:30] [main/INFO] [GradleStart]: username: djtepas@gmail.com
[16:23:30] [main/INFO] [GradleStart]: Extra: []
[16:23:30] [main/INFO] [GradleStart]: Password found, attempting login
[16:23:31] [main/INFO] [GradleStart]: Login Succesful!
[16:23:31] [main/INFO] [GradleStart]: Running with arguments: [--userProperties, {}, --username, GEN_Soddon, --tweakClass, cpw.mods.fml.common.launcher.FMLTweaker, --accessToken, {REDACTED}, --assetIndex, 1.7.10, --uuid, fd44f69a2fde4134ac43b571b31dd68f, --assetsDir, /Users/djtepas/.gradle/caches/minecraft/assets, --version, 1.7.10]
[16:23:31] [main/INFO] [LaunchWrapper]: Loading tweak class name cpw.mods.fml.common.launcher.FMLTweaker
[16:23:31] [main/INFO] [LaunchWrapper]: Using primary tweak class name cpw.mods.fml.common.launcher.FMLTweaker
[16:23:31] [main/INFO] [LaunchWrapper]: Calling tweak class cpw.mods.fml.common.launcher.FMLTweaker
[16:24:56] [main/INFO] [GradleStart]: No arguments specified, assuming client.
[16:24:56] [main/INFO] [GradleStart]: Extra: []
[16:24:56] [main/INFO] [GradleStart]: Running with arguments: [--userProperties, {}, --tweakClass, cpw.mods.fml.common.launcher.FMLTweaker, --accessToken, {REDACTED}, --assetIndex, 1.7.10, --assetsDir, /Users/djtepas/.gradle/caches/minecraft/assets, --version, 1.7.10]
[16:24:56] [main/INFO] [LaunchWrapper]: Loading tweak class name cpw.mods.fml.common.launcher.FMLTweaker
[16:24:56] [main/INFO] [LaunchWrapper]: Using primary tweak class name cpw.mods.fml.common.launcher.FMLTweaker
[16:24:56] [main/INFO] [LaunchWrapper]: Calling tweak class cpw.mods.fml.common.launcher.FMLTweaker
[16:44:20] [main/INFO] [GradleStart]: No arguments specified, assuming client.
[16:44:20] [main/INFO] [GradleStart]: Extra: []
[16:44:20] [main/INFO] [GradleStart]: Running with arguments: [--userProperties, {}, --tweakClass, cpw.mods.fml.common.launcher.FMLTweaker, --accessToken, {REDACTED}, --assetIndex, 1.7.10, --assetsDir, /Users/djtepas/.gradle/caches/minecraft/assets, --version, 1.7.10]
[16:44:20] [main/INFO] [LaunchWrapper]: Loading tweak class name cpw.mods.fml.common.launcher.FMLTweaker
[16:44:20] [main/INFO] [LaunchWrapper]: Using primary tweak class name cpw.mods.fml.common.launcher.FMLTweaker
[16:44:20] [main/INFO] [LaunchWrapper]: Calling tweak class cpw.mods.fml.common.launcher.FMLTweaker
[17:21:24] [main/INFO] [GradleStart]: No arguments specified, assuming client.
[17:21:25] [main/INFO] [GradleStart]: Extra: []
[17:21:25] [main/INFO] [GradleStart]: Running with arguments: [--userProperties, {}, --tweakClass, cpw.mods.fml.common.launcher.FMLTweaker, --accessToken, {REDACTED}, --assetIndex, 1.7.10, --assetsDir, /Users/djtepas/.gradle/caches/minecraft/assets, --version, 1.7.10]
[17:21:25] [main/INFO] [LaunchWrapper]: Loading tweak class name cpw.mods.fml.common.launcher.FMLTweaker
[17:21:25] [main/INFO] [LaunchWrapper]: Using primary tweak class name cpw.mods.fml.common.launcher.FMLTweaker
[17:21:25] [main/INFO] [LaunchWrapper]: Calling tweak class cpw.mods.fml.common.launcher.FMLTweaker
[17:22:53] [main/INFO] [GradleStart]: No arguments specified, assuming client.
[17:22:53] [main/INFO] [GradleStart]: Extra: []
[17:22:53] [main/INFO] [GradleStart]: Running with arguments: [--userProperties, {}, --tweakClass, cpw.mods.fml.common.launcher.FMLTweaker, --accessToken, {REDACTED}, --assetIndex, 1.7.10, --assetsDir, /Users/djtepas/.gradle/caches/minecraft/assets, --version, 1.7.10]
[17:22:54] [main/INFO] [LaunchWrapper]: Loading tweak class name cpw.mods.fml.common.launcher.FMLTweaker
[17:22:54] [main/INFO] [LaunchWrapper]: Using primary tweak class name cpw.mods.fml.common.launcher.FMLTweaker
[17:22:54] [main/INFO] [LaunchWrapper]: Calling tweak class cpw.mods.fml.common.launcher.FMLTweaker
[18:07:36] [main/INFO] [GradleStart]: No arguments specified, assuming client.
[18:07:36] [main/INFO] [GradleStart]: Extra: []
[18:07:36] [main/INFO] [GradleStart]: Running with arguments: [--userProperties, {}, --tweakClass, cpw.mods.fml.common.launcher.FMLTweaker, --accessToken, {REDACTED}, --assetIndex, 1.7.10, --assetsDir, /Users/djtepas/.gradle/caches/minecraft/assets, --version, 1.7.10]
[18:07:36] [main/INFO] [LaunchWrapper]: Loading tweak class name cpw.mods.fml.common.launcher.FMLTweaker
[18:07:36] [main/INFO] [LaunchWrapper]: Using primary tweak class name cpw.mods.fml.common.launcher.FMLTweaker
[18:07:36] [main/INFO] [LaunchWrapper]: Calling tweak class cpw.mods.fml.common.launcher.FMLTweaker
[18:37:21] [main/INFO] [GradleStart]: No arguments specified, assuming client.
[18:37:21] [main/INFO] [GradleStart]: Extra: []
[18:37:21] [main/INFO] [GradleStart]: Running with arguments: [--userProperties, {}, --tweakClass, cpw.mods.fml.common.launcher.FMLTweaker, --accessToken, {REDACTED}, --assetIndex, 1.7.10, --assetsDir, /Users/djtepas/.gradle/caches/minecraft/assets, --version, 1.7.10]
[18:37:21] [main/INFO] [LaunchWrapper]: Loading tweak class name cpw.mods.fml.common.launcher.FMLTweaker
[18:37:21] [main/INFO] [LaunchWrapper]: Using primary tweak class name cpw.mods.fml.common.launcher.FMLTweaker
[18:37:21] [main/INFO] [LaunchWrapper]: Calling tweak class cpw.mods.fml.common.launcher.FMLTweaker
[18:40:36] [main/INFO] [GradleStart]: No arguments specified, assuming client.
[18:40:36] [main/INFO] [GradleStart]: Extra: []
[18:40:36] [main/INFO] [GradleStart]: Running with arguments: [--userProperties, {}, --tweakClass, cpw.mods.fml.common.launcher.FMLTweaker, --accessToken, {REDACTED}, --assetIndex, 1.7.10, --assetsDir, /Users/djtepas/.gradle/caches/minecraft/assets, --version, 1.7.10]
[18:40:36] [main/INFO] [LaunchWrapper]: Loading tweak class name cpw.mods.fml.common.launcher.FMLTweaker
[18:40:36] [main/INFO] [LaunchWrapper]: Using primary tweak class name cpw.mods.fml.common.launcher.FMLTweaker
[18:40:36] [main/INFO] [LaunchWrapper]: Calling tweak class cpw.mods.fml.common.launcher.FMLTweaker
[18:52:59] [main/INFO] [GradleStart]: No arguments specified, assuming client.
[18:52:59] [main/INFO] [GradleStart]: Extra: []
[18:52:59] [main/INFO] [GradleStart]: Running with arguments: [--userProperties, {}, --tweakClass, cpw.mods.fml.common.launcher.FMLTweaker, --accessToken, {REDACTED}, --assetIndex, 1.7.10, --assetsDir, /Users/djtepas/.gradle/caches/minecraft/assets, --version, 1.7.10]
[18:52:59] [main/INFO] [LaunchWrapper]: Loading tweak class name cpw.mods.fml.common.launcher.FMLTweaker
[18:52:59] [main/INFO] [LaunchWrapper]: Using primary tweak class name cpw.mods.fml.common.launcher.FMLTweaker
[18:52:59] [main/INFO] [LaunchWrapper]: Calling tweak class cpw.mods.fml.common.launcher.FMLTweaker
[19:21:32] [main/INFO] [GradleStart]: No arguments specified, assuming client.
[19:21:32] [main/INFO] [GradleStart]: Extra: []
[19:21:32] [main/INFO] [GradleStart]: Running with arguments: [--userProperties, {}, --tweakClass, cpw.mods.fml.common.launcher.FMLTweaker, --accessToken, {REDACTED}, --assetIndex, 1.7.10, --assetsDir, /Users/djtepas/.gradle/caches/minecraft/assets, --version, 1.7.10]
[19:21:32] [main/INFO] [LaunchWrapper]: Loading tweak class name cpw.mods.fml.common.launcher.FMLTweaker
[19:21:33] [main/INFO] [LaunchWrapper]: Using primary tweak class name cpw.mods.fml.common.launcher.FMLTweaker
[19:21:33] [main/INFO] [LaunchWrapper]: Calling tweak class cpw.mods.fml.common.launcher.FMLTweaker
[20:57:38] [main/INFO] [GradleStart]: No arguments specified, assuming client.
[20:57:38] [main/INFO] [GradleStart]: Extra: []
[20:57:38] [main/INFO] [GradleStart]: Running with arguments: [--userProperties, {}, --tweakClass, cpw.mods.fml.common.launcher.FMLTweaker, --accessToken, {REDACTED}, --assetIndex, 1.7.10, --assetsDir, /Users/djtepas/.gradle/caches/minecraft/assets, --version, 1.7.10]
[20:57:39] [main/INFO] [LaunchWrapper]: Loading tweak class name cpw.mods.fml.common.launcher.FMLTweaker
[20:57:39] [main/INFO] [LaunchWrapper]: Using primary tweak class name cpw.mods.fml.common.launcher.FMLTweaker
[20:57:39] [main/INFO] [LaunchWrapper]: Calling tweak class cpw.mods.fml.common.launcher.FMLTweaker
[06:40:06] [main/INFO] [GradleStart]: No arguments specified, assuming client.
[06:40:06] [main/INFO] [GradleStart]: Extra: []
[06:40:06] [main/INFO] [GradleStart]: Running with arguments: [--userProperties, {}, --tweakClass, cpw.mods.fml.common.launcher.FMLTweaker, --accessToken, {REDACTED}, --assetIndex, 1.7.10, --assetsDir, /Users/djtepas/.gradle/caches/minecraft/assets, --version, 1.7.10]
[06:40:06] [main/INFO] [LaunchWrapper]: Loading tweak class name cpw.mods.fml.common.launcher.FMLTweaker
[06:40:07] [main/INFO] [LaunchWrapper]: Using primary tweak class name cpw.mods.fml.common.launcher.FMLTweaker
[06:40:07] [main/INFO] [LaunchWrapper]: Calling tweak class cpw.mods.fml.common.launcher.FMLTweaker
[06:52:38] [main/INFO] [GradleStart]: No arguments specified, assuming client.
[06:52:38] [main/INFO] [GradleStart]: Extra: []
[06:52:38] [main/INFO] [GradleStart]: Running with arguments: [--userProperties, {}, --tweakClass, cpw.mods.fml.common.launcher.FMLTweaker, --accessToken, {REDACTED}, --assetIndex, 1.7.10, --assetsDir, /Users/djtepas/.gradle/caches/minecraft/assets, --version, 1.7.10]
[06:52:38] [main/INFO] [LaunchWrapper]: Loading tweak class name cpw.mods.fml.common.launcher.FMLTweaker
[06:52:38] [main/INFO] [LaunchWrapper]: Using primary tweak class name cpw.mods.fml.common.launcher.FMLTweaker
[06:52:38] [main/INFO] [LaunchWrapper]: Calling tweak class cpw.mods.fml.common.launcher.FMLTweaker
[15:44:53] [main/INFO] [GradleStart]: No arguments specified, assuming client.
[15:44:53] [main/INFO] [GradleStart]: Extra: []
[15:44:53] [main/INFO] [GradleStart]: Running with arguments: [--userProperties, {}, --tweakClass, cpw.mods.fml.common.launcher.FMLTweaker, --accessToken, {REDACTED}, --assetIndex, 1.7.10, --assetsDir, /Users/djtepas/.gradle/caches/minecraft/assets, --version, 1.7.10]
[15:44:53] [main/INFO] [LaunchWrapper]: Loading tweak class name cpw.mods.fml.common.launcher.FMLTweaker
[15:44:53] [main/INFO] [LaunchWrapper]: Using primary tweak class name cpw.mods.fml.common.launcher.FMLTweaker
[15:44:53] [main/INFO] [LaunchWrapper]: Calling tweak class cpw.mods.fml.common.launcher.FMLTweaker
[15:55:12] [main/INFO] [GradleStart]: No arguments specified, assuming client.
[15:55:12] [main/INFO] [GradleStart]: Extra: []
[15:55:12] [main/INFO] [GradleStart]: Running with arguments: [--userProperties, {}, --tweakClass, cpw.mods.fml.common.launcher.FMLTweaker, --accessToken, {REDACTED}, --assetIndex, 1.7.10, --assetsDir, /Users/djtepas/.gradle/caches/minecraft/assets, --version, 1.7.10]
[15:55:13] [main/INFO] [LaunchWrapper]: Loading tweak class name cpw.mods.fml.common.launcher.FMLTweaker
[15:55:13] [main/INFO] [LaunchWrapper]: Using primary tweak class name cpw.mods.fml.common.launcher.FMLTweaker
[15:55:13] [main/INFO] [LaunchWrapper]: Calling tweak class cpw.mods.fml.common.launcher.FMLTweaker
[17:03:55] [main/INFO] [GradleStart]: No arguments specified, assuming client.
[17:03:55] [main/INFO] [GradleStart]: Extra: []
[17:03:55] [main/INFO] [GradleStart]: Running with arguments: [--userProperties, {}, --tweakClass, cpw.mods.fml.common.launcher.FMLTweaker, --accessToken, {REDACTED}, --assetIndex, 1.7.10, --assetsDir, /Users/djtepas/.gradle/caches/minecraft/assets, --version, 1.7.10]
[17:03:55] [main/INFO] [LaunchWrapper]: Loading tweak class name cpw.mods.fml.common.launcher.FMLTweaker
[17:03:55] [main/INFO] [LaunchWrapper]: Using primary tweak class name cpw.mods.fml.common.launcher.FMLTweaker
[17:03:55] [main/INFO] [LaunchWrapper]: Calling tweak class cpw.mods.fml.common.launcher.FMLTweaker
[17:24:13] [main/INFO] [GradleStart]: No arguments specified, assuming client.
[17:24:13] [main/INFO] [GradleStart]: Extra: []
[17:24:13] [main/INFO] [GradleStart]: Running with arguments: [--userProperties, {}, --tweakClass, cpw.mods.fml.common.launcher.FMLTweaker, --accessToken, {REDACTED}, --assetIndex, 1.7.10, --assetsDir, /Users/djtepas/.gradle/caches/minecraft/assets, --version, 1.7.10]
[17:24:13] [main/INFO] [LaunchWrapper]: Loading tweak class name cpw.mods.fml.common.launcher.FMLTweaker
[17:24:13] [main/INFO] [LaunchWrapper]: Using primary tweak class name cpw.mods.fml.common.launcher.FMLTweaker
[17:24:13] [main/INFO] [LaunchWrapper]: Calling tweak class cpw.mods.fml.common.launcher.FMLTweaker
[17:26:48] [main/INFO] [GradleStart]: No arguments specified, assuming client.
[17:26:48] [main/INFO] [GradleStart]: Extra: []
[17:26:48] [main/INFO] [GradleStart]: Running with arguments: [--userProperties, {}, --tweakClass, cpw.mods.fml.common.launcher.FMLTweaker, --accessToken, {REDACTED}, --assetIndex, 1.7.10, --assetsDir, /Users/djtepas/.gradle/caches/minecraft/assets, --version, 1.7.10]
[17:26:48] [main/INFO] [LaunchWrapper]: Loading tweak class name cpw.mods.fml.common.launcher.FMLTweaker
[17:26:48] [main/INFO] [LaunchWrapper]: Using primary tweak class name cpw.mods.fml.common.launcher.FMLTweaker
[17:26:48] [main/INFO] [LaunchWrapper]: Calling tweak class cpw.mods.fml.common.launcher.FMLTweaker
[17:33:06] [main/INFO] [GradleStart]: No arguments specified, assuming client.
[17:33:06] [main/INFO] [GradleStart]: Extra: []
[17:33:07] [main/INFO] [GradleStart]: Running with arguments: [--userProperties, {}, --tweakClass, cpw.mods.fml.common.launcher.FMLTweaker, --accessToken, {REDACTED}, --assetIndex, 1.7.10, --assetsDir, /Users/djtepas/.gradle/caches/minecraft/assets, --version, 1.7.10]
[17:33:07] [main/INFO] [LaunchWrapper]: Loading tweak class name cpw.mods.fml.common.launcher.FMLTweaker
[17:33:07] [main/INFO] [LaunchWrapper]: Using primary tweak class name cpw.mods.fml.common.launcher.FMLTweaker
[17:33:07] [main/INFO] [LaunchWrapper]: Calling tweak class cpw.mods.fml.common.launcher.FMLTweaker
[17:46:31] [main/INFO] [GradleStart]: No arguments specified, assuming client.
[17:46:31] [main/INFO] [GradleStart]: Extra: []
[17:46:31] [main/INFO] [GradleStart]: Running with arguments: [--userProperties, {}, --tweakClass, cpw.mods.fml.common.launcher.FMLTweaker, --accessToken, {REDACTED}, --assetIndex, 1.7.10, --assetsDir, /Users/djtepas/.gradle/caches/minecraft/assets, --version, 1.7.10]
[17:46:31] [main/INFO] [LaunchWrapper]: Loading tweak class name cpw.mods.fml.common.launcher.FMLTweaker
[17:46:31] [main/INFO] [LaunchWrapper]: Using primary tweak class name cpw.mods.fml.common.launcher.FMLTweaker
[17:46:31] [main/INFO] [LaunchWrapper]: Calling tweak class cpw.mods.fml.common.launcher.FMLTweaker
[12:02:51] [main/INFO] [GradleStart]: No arguments specified, assuming client.
[12:02:51] [main/INFO] [GradleStart]: Extra: []
[12:02:51] [main/INFO] [GradleStart]: Running with arguments: [--userProperties, {}, --tweakClass, cpw.mods.fml.common.launcher.FMLTweaker, --accessToken, {REDACTED}, --assetIndex, 1.7.10, --assetsDir, /Users/djtepas/.gradle/caches/minecraft/assets, --version, 1.7.10]
[12:02:51] [main/INFO] [LaunchWrapper]: Loading tweak class name cpw.mods.fml.common.launcher.FMLTweaker
[12:02:51] [main/INFO] [LaunchWrapper]: Using primary tweak class name cpw.mods.fml.common.launcher.FMLTweaker
[12:02:51] [main/INFO] [LaunchWrapper]: Calling tweak class cpw.mods.fml.common.launcher.FMLTweaker
[12:05:23] [main/INFO] [GradleStart]: No arguments specified, assuming client.
[12:05:23] [main/INFO] [GradleStart]: Extra: []
[12:05:23] [main/INFO] [GradleStart]: Running with arguments: [--userProperties, {}, --tweakClass, cpw.mods.fml.common.launcher.FMLTweaker, --accessToken, {REDACTED}, --assetIndex, 1.7.10, --assetsDir, /Users/djtepas/.gradle/caches/minecraft/assets, --version, 1.7.10]
[12:05:23] [main/INFO] [LaunchWrapper]: Loading tweak class name cpw.mods.fml.common.launcher.FMLTweaker
[12:05:23] [main/INFO] [LaunchWrapper]: Using primary tweak class name cpw.mods.fml.common.launcher.FMLTweaker
[12:05:23] [main/INFO] [LaunchWrapper]: Calling tweak class cpw.mods.fml.common.launcher.FMLTweaker
[12:06:05] [main/INFO] [GradleStart]: No arguments specified, assuming client.
[12:06:05] [main/INFO] [GradleStart]: Extra: []
[12:06:05] [main/INFO] [GradleStart]: Running with arguments: [--userProperties, {}, --tweakClass, cpw.mods.fml.common.launcher.FMLTweaker, --accessToken, {REDACTED}, --assetIndex, 1.7.10, --assetsDir, /Users/djtepas/.gradle/caches/minecraft/assets, --version, 1.7.10]
[12:06:05] [main/INFO] [LaunchWrapper]: Loading tweak class name cpw.mods.fml.common.launcher.FMLTweaker
[12:06:05] [main/INFO] [LaunchWrapper]: Using primary tweak class name cpw.mods.fml.common.launcher.FMLTweaker
[12:06:05] [main/INFO] [LaunchWrapper]: Calling tweak class cpw.mods.fml.common.launcher.FMLTweaker
[12:10:25] [main/INFO] [GradleStart]: No arguments specified, assuming client.
[12:10:25] [main/INFO] [GradleStart]: Extra: []
[12:10:25] [main/INFO] [GradleStart]: Running with arguments: [--userProperties, {}, --tweakClass, cpw.mods.fml.common.launcher.FMLTweaker, --accessToken, {REDACTED}, --assetIndex, 1.7.10, --assetsDir, /Users/djtepas/.gradle/caches/minecraft/assets, --version, 1.7.10]
[12:10:25] [main/INFO] [LaunchWrapper]: Loading tweak class name cpw.mods.fml.common.launcher.FMLTweaker
[12:10:25] [main/INFO] [LaunchWrapper]: Using primary tweak class name cpw.mods.fml.common.launcher.FMLTweaker
[12:10:25] [main/INFO] [LaunchWrapper]: Calling tweak class cpw.mods.fml.common.launcher.FMLTweaker
[12:17:49] [main/INFO] [GradleStart]: No arguments specified, assuming client.
[12:17:49] [main/INFO] [GradleStart]: Extra: []
[12:17:49] [main/INFO] [GradleStart]: Running with arguments: [--userProperties, {}, --tweakClass, cpw.mods.fml.common.launcher.FMLTweaker, --accessToken, {REDACTED}, --assetIndex, 1.7.10, --assetsDir, /Users/djtepas/.gradle/caches/minecraft/assets, --version, 1.7.10]
[12:17:49] [main/INFO] [LaunchWrapper]: Loading tweak class name cpw.mods.fml.common.launcher.FMLTweaker
[12:17:49] [main/INFO] [LaunchWrapper]: Using primary tweak class name cpw.mods.fml.common.launcher.FMLTweaker
[12:17:49] [main/INFO] [LaunchWrapper]: Calling tweak class cpw.mods.fml.common.launcher.FMLTweaker
[12:29:08] [main/INFO] [GradleStart]: No arguments specified, assuming client.
[12:29:08] [main/INFO] [GradleStart]: Extra: []
[12:29:08] [main/INFO] [GradleStart]: Running with arguments: [--userProperties, {}, --tweakClass, cpw.mods.fml.common.launcher.FMLTweaker, --accessToken, {REDACTED}, --assetIndex, 1.7.10, --assetsDir, /Users/djtepas/.gradle/caches/minecraft/assets, --version, 1.7.10]
[12:29:09] [main/INFO] [LaunchWrapper]: Loading tweak class name cpw.mods.fml.common.launcher.FMLTweaker
[12:29:09] [main/INFO] [LaunchWrapper]: Using primary tweak class name cpw.mods.fml.common.launcher.FMLTweaker
[12:29:09] [main/INFO] [LaunchWrapper]: Calling tweak class cpw.mods.fml.common.launcher.FMLTweaker
[12:31:34] [main/INFO] [GradleStart]: No arguments specified, assuming client.
[12:31:34] [main/INFO] [GradleStart]: Extra: []
[12:31:34] [main/INFO] [GradleStart]: Running with arguments: [--userProperties, {}, --tweakClass, cpw.mods.fml.common.launcher.FMLTweaker, --accessToken, {REDACTED}, --assetIndex, 1.7.10, --assetsDir, /Users/djtepas/.gradle/caches/minecraft/assets, --version, 1.7.10]
[12:31:34] [main/INFO] [LaunchWrapper]: Loading tweak class name cpw.mods.fml.common.launcher.FMLTweaker
[12:31:34] [main/INFO] [LaunchWrapper]: Using primary tweak class name cpw.mods.fml.common.launcher.FMLTweaker
[12:31:34] [main/INFO] [LaunchWrapper]: Calling tweak class cpw.mods.fml.common.launcher.FMLTweaker
[12:33:26] [main/INFO] [GradleStart]: No arguments specified, assuming client.
[12:33:26] [main/INFO] [GradleStart]: Extra: []
[12:33:26] [main/INFO] [GradleStart]: Running with arguments: [--userProperties, {}, --tweakClass, cpw.mods.fml.common.launcher.FMLTweaker, --accessToken, {REDACTED}, --assetIndex, 1.7.10, --assetsDir, /Users/djtepas/.gradle/caches/minecraft/assets, --version, 1.7.10]
[12:33:26] [main/INFO] [LaunchWrapper]: Loading tweak class name cpw.mods.fml.common.launcher.FMLTweaker
[12:33:26] [main/INFO] [LaunchWrapper]: Using primary tweak class name cpw.mods.fml.common.launcher.FMLTweaker
[12:33:26] [main/INFO] [LaunchWrapper]: Calling tweak class cpw.mods.fml.common.launcher.FMLTweaker
[12:54:08] [main/INFO] [GradleStart]: username: djtepas@gmail.com
[12:54:08] [main/INFO] [GradleStart]: Extra: []
[12:54:08] [main/INFO] [GradleStart]: Password found, attempting login
[12:54:10] [main/INFO] [GradleStart]: Login Succesful!
[12:54:10] [main/INFO] [GradleStart]: Running with arguments: [--userProperties, {}, --username, GEN_Soddon, --tweakClass, cpw.mods.fml.common.launcher.FMLTweaker, --accessToken, {REDACTED}, --assetIndex, 1.7.10, --uuid, fd44f69a2fde4134ac43b571b31dd68f, --assetsDir, /Users/djtepas/.gradle/caches/minecraft/assets, --version, 1.7.10]
[12:54:10] [main/INFO] [LaunchWrapper]: Loading tweak class name cpw.mods.fml.common.launcher.FMLTweaker
[12:54:10] [main/INFO] [LaunchWrapper]: Using primary tweak class name cpw.mods.fml.common.launcher.FMLTweaker
[12:54:10] [main/INFO] [LaunchWrapper]: Calling tweak class cpw.mods.fml.common.launcher.FMLTweaker
[13:20:24] [main/INFO] [GradleStart]: username: djtepas@gmail.com
[13:20:24] [main/INFO] [GradleStart]: Extra: []
[13:20:24] [main/INFO] [GradleStart]: Password found, attempting login
[13:20:26] [main/INFO] [GradleStart]: Login Succesful!
[13:20:26] [main/INFO] [GradleStart]: Running with arguments: [--userProperties, {}, --username, GEN_Soddon, --tweakClass, cpw.mods.fml.common.launcher.FMLTweaker, --accessToken, {REDACTED}, --assetIndex, 1.7.10, --uuid, fd44f69a2fde4134ac43b571b31dd68f, --assetsDir, /Users/djtepas/.gradle/caches/minecraft/assets, --version, 1.7.10]
[13:20:26] [main/INFO] [LaunchWrapper]: Loading tweak class name cpw.mods.fml.common.launcher.FMLTweaker
[13:20:26] [main/INFO] [LaunchWrapper]: Using primary tweak class name cpw.mods.fml.common.launcher.FMLTweaker
[13:20:26] [main/INFO] [LaunchWrapper]: Calling tweak class cpw.mods.fml.common.launcher.FMLTweaker
[13:26:24] [main/INFO] [GradleStart]: username: djtepas@gmail.com
[13:26:24] [main/INFO] [GradleStart]: Extra: []
[13:26:24] [main/INFO] [GradleStart]: Password found, attempting login
[13:26:26] [main/INFO] [GradleStart]: Login Succesful!
[13:26:26] [main/INFO] [GradleStart]: Running with arguments: [--userProperties, {}, --username, GEN_Soddon, --tweakClass, cpw.mods.fml.common.launcher.FMLTweaker, --accessToken, {REDACTED}, --assetIndex, 1.7.10, --uuid, fd44f69a2fde4134ac43b571b31dd68f, --assetsDir, /Users/djtepas/.gradle/caches/minecraft/assets, --version, 1.7.10]
[13:26:26] [main/INFO] [LaunchWrapper]: Loading tweak class name cpw.mods.fml.common.launcher.FMLTweaker
[13:26:26] [main/INFO] [LaunchWrapper]: Using primary tweak class name cpw.mods.fml.common.launcher.FMLTweaker
[13:26:26] [main/INFO] [LaunchWrapper]: Calling tweak class cpw.mods.fml.common.launcher.FMLTweaker
[13:37:22] [main/INFO] [GradleStart]: username: djtepas@gmail.com
[13:37:22] [main/INFO] [GradleStart]: Extra: []
[13:37:22] [main/INFO] [GradleStart]: Password found, attempting login
[13:37:24] [main/INFO] [GradleStart]: Login Succesful!
[13:37:24] [main/INFO] [GradleStart]: Running with arguments: [--userProperties, {}, --username, GEN_Soddon, --tweakClass, cpw.mods.fml.common.launcher.FMLTweaker, --accessToken, {REDACTED}, --assetIndex, 1.7.10, --uuid, fd44f69a2fde4134ac43b571b31dd68f, --assetsDir, /Users/djtepas/.gradle/caches/minecraft/assets, --version, 1.7.10]
[13:37:24] [main/INFO] [LaunchWrapper]: Loading tweak class name cpw.mods.fml.common.launcher.FMLTweaker
[13:37:24] [main/INFO] [LaunchWrapper]: Using primary tweak class name cpw.mods.fml.common.launcher.FMLTweaker
[13:37:24] [main/INFO] [LaunchWrapper]: Calling tweak class cpw.mods.fml.common.launcher.FMLTweaker
[13:38:53] [main/INFO] [GradleStart]: username: djtepas@gmail.com
[13:38:53] [main/INFO] [GradleStart]: Extra: []
[13:38:53] [main/INFO] [GradleStart]: Password found, attempting login
[13:38:54] [main/INFO] [GradleStart]: Login Succesful!
[13:38:54] [main/INFO] [GradleStart]: Running with arguments: [--userProperties, {}, --username, GEN_Soddon, --tweakClass, cpw.mods.fml.common.launcher.FMLTweaker, --accessToken, {REDACTED}, --assetIndex, 1.7.10, --uuid, fd44f69a2fde4134ac43b571b31dd68f, --assetsDir, /Users/djtepas/.gradle/caches/minecraft/assets, --version, 1.7.10]
[13:38:55] [main/INFO] [LaunchWrapper]: Loading tweak class name cpw.mods.fml.common.launcher.FMLTweaker
[13:38:55] [main/INFO] [LaunchWrapper]: Using primary tweak class name cpw.mods.fml.common.launcher.FMLTweaker
[13:38:55] [main/INFO] [LaunchWrapper]: Calling tweak class cpw.mods.fml.common.launcher.FMLTweaker
[13:46:44] [main/INFO] [GradleStart]: username: djtepas@gmail.com
[13:46:44] [main/INFO] [GradleStart]: Extra: []
[13:46:44] [main/INFO] [GradleStart]: Password found, attempting login
[13:46:46] [main/INFO] [GradleStart]: Login Succesful!
[13:46:46] [main/INFO] [GradleStart]: Running with arguments: [--userProperties, {}, --username, GEN_Soddon, --tweakClass, cpw.mods.fml.common.launcher.FMLTweaker, --accessToken, {REDACTED}, --assetIndex, 1.7.10, --uuid, fd44f69a2fde4134ac43b571b31dd68f, --assetsDir, /Users/djtepas/.gradle/caches/minecraft/assets, --version, 1.7.10]
[13:46:46] [main/INFO] [LaunchWrapper]: Loading tweak class name cpw.mods.fml.common.launcher.FMLTweaker
[13:46:46] [main/INFO] [LaunchWrapper]: Using primary tweak class name cpw.mods.fml.common.launcher.FMLTweaker
[13:46:46] [main/INFO] [LaunchWrapper]: Calling tweak class cpw.mods.fml.common.launcher.FMLTweaker
[13:49:46] [main/INFO] [GradleStart]: username: djtepas@gmail.com
[13:49:46] [main/INFO] [GradleStart]: Extra: []
[13:49:46] [main/INFO] [GradleStart]: Password found, attempting login
[13:49:48] [main/INFO] [GradleStart]: Login Succesful!
[13:49:49] [main/INFO] [GradleStart]: Running with arguments: [--userProperties, {}, --username, GEN_Soddon, --tweakClass, cpw.mods.fml.common.launcher.FMLTweaker, --accessToken, {REDACTED}, --assetIndex, 1.7.10, --uuid, fd44f69a2fde4134ac43b571b31dd68f, --assetsDir, /Users/djtepas/.gradle/caches/minecraft/assets, --version, 1.7.10]
[13:49:49] [main/INFO] [LaunchWrapper]: Loading tweak class name cpw.mods.fml.common.launcher.FMLTweaker
[13:49:49] [main/INFO] [LaunchWrapper]: Using primary tweak class name cpw.mods.fml.common.launcher.FMLTweaker
[13:49:49] [main/INFO] [LaunchWrapper]: Calling tweak class cpw.mods.fml.common.launcher.FMLTweaker
[13:53:51] [main/INFO] [GradleStart]: username: djtepas@gmail.com
[13:53:51] [main/INFO] [GradleStart]: Extra: []
[13:53:51] [main/INFO] [GradleStart]: Password found, attempting login
[13:53:53] [main/INFO] [GradleStart]: Login Succesful!
[13:53:53] [main/INFO] [GradleStart]: Running with arguments: [--userProperties, {}, --username, GEN_Soddon, --tweakClass, cpw.mods.fml.common.launcher.FMLTweaker, --accessToken, {REDACTED}, --assetIndex, 1.7.10, --uuid, fd44f69a2fde4134ac43b571b31dd68f, --assetsDir, /Users/djtepas/.gradle/caches/minecraft/assets, --version, 1.7.10]
[13:53:53] [main/INFO] [LaunchWrapper]: Loading tweak class name cpw.mods.fml.common.launcher.FMLTweaker
[13:53:53] [main/INFO] [LaunchWrapper]: Using primary tweak class name cpw.mods.fml.common.launcher.FMLTweaker
[13:53:53] [main/INFO] [LaunchWrapper]: Calling tweak class cpw.mods.fml.common.launcher.FMLTweaker
[13:55:00] [main/INFO] [GradleStart]: username: djtepas@gmail.com
[13:55:00] [main/INFO] [GradleStart]: Extra: []
[13:55:00] [main/INFO] [GradleStart]: Password found, attempting login
[13:55:01] [main/INFO] [GradleStart]: Login Succesful!
[13:55:01] [main/INFO] [GradleStart]: Running with arguments: [--userProperties, {}, --username, GEN_Soddon, --tweakClass, cpw.mods.fml.common.launcher.FMLTweaker, --accessToken, {REDACTED}, --assetIndex, 1.7.10, --uuid, fd44f69a2fde4134ac43b571b31dd68f, --assetsDir, /Users/djtepas/.gradle/caches/minecraft/assets, --version, 1.7.10]
[13:55:01] [main/INFO] [LaunchWrapper]: Loading tweak class name cpw.mods.fml.common.launcher.FMLTweaker
[13:55:01] [main/INFO] [LaunchWrapper]: Using primary tweak class name cpw.mods.fml.common.launcher.FMLTweaker
[13:55:01] [main/INFO] [LaunchWrapper]: Calling tweak class cpw.mods.fml.common.launcher.FMLTweaker
